<?xml version="1.0" encoding="UTF-8"?>
<coverage generated="1594645434442" clover="3.2.0">
  <project timestamp="1594645434442" name="All files">
    <metrics statements="18" coveredstatements="18" conditionals="6" coveredconditionals="5" methods="12" coveredmethods="12" elements="36" coveredelements="35" complexity="0" loc="18" ncloc="18" packages="2" files="3" classes="3"/>
    <package name="src">
      <metrics statements="15" coveredstatements="15" conditionals="6" coveredconditionals="5" methods="10" coveredmethods="10"/>
      <file name="service.js" path="/Users/kairosds/Documents/github-actions/login-ci/src/service.js">
        <metrics statements="14" coveredstatements="14" conditionals="6" coveredconditionals="5" methods="10" coveredmethods="10"/>
        <line num="6" count="12" type="cond" truecount="2" falsecount="0"/>
        <line num="7" count="3" type="cond" truecount="2" falsecount="0"/>
        <line num="8" count="2" type="stmt"/>
        <line num="10" count="1" type="stmt"/>
        <line num="15" count="1" type="stmt"/>
        <line num="16" count="1" type="stmt"/>
        <line num="17" count="1" type="stmt"/>
        <line num="19" count="1" type="cond" truecount="1" falsecount="1"/>
        <line num="20" count="1" type="stmt"/>
        <line num="22" count="1" type="stmt"/>
        <line num="27" count="2" type="stmt"/>
        <line num="28" count="2" type="stmt"/>
        <line num="29" count="1" type="stmt"/>
        <line num="32" count="1" type="stmt"/>
      </file>
      <file name="token.js" path="/Users/kairosds/Documents/github-actions/login-ci/src/token.js">
        <metrics statements="1" coveredstatements="1" conditionals="0" coveredconditionals="0" methods="0" coveredmethods="0"/>
        <line num="1" count="2" type="stmt"/>
      </file>
    </package>
    <package name="src.components">
      <metrics statements="3" coveredstatements="3" conditionals="0" coveredconditionals="0" methods="2" coveredmethods="2"/>
      <file name="AppLogin.vue" path="/Users/kairosds/Documents/github-actions/login-ci/src/components/AppLogin.vue">
        <metrics statements="3" coveredstatements="3" conditionals="0" coveredconditionals="0" methods="2" coveredmethods="2"/>
        <line num="14" count="1" type="stmt"/>
        <line num="18" count="1" type="stmt"/>
        <line num="25" count="1" type="stmt"/>
      </file>
    </package>
  </project>
</coverage>
