<?xml version="1.0" encoding="UTF-8"?>
<coverage generated="1594248011262" clover="3.2.0">
  <project timestamp="1594248011262" name="All files">
    <metrics statements="16" coveredstatements="8" conditionals="4" coveredconditionals="2" methods="12" coveredmethods="5" elements="32" coveredelements="15" complexity="0" loc="16" ncloc="16" packages="2" files="2" classes="2"/>
    <package name="src">
      <metrics statements="13" coveredstatements="6" conditionals="4" coveredconditionals="2" methods="10" coveredmethods="4"/>
      <file name="service.js" path="/Users/kairosds/Documents/github-actions/login-ci/src/service.js">
        <metrics statements="13" coveredstatements="6" conditionals="4" coveredconditionals="2" methods="10" coveredmethods="4"/>
        <line num="4" count="2" type="stmt"/>
        <line num="7" count="4" type="cond" truecount="1" falsecount="1"/>
        <line num="8" count="1" type="cond" truecount="1" falsecount="1"/>
        <line num="9" count="1" type="stmt"/>
        <line num="11" count="0" type="stmt"/>
        <line num="16" count="1" type="stmt"/>
        <line num="17" count="1" type="stmt"/>
        <line num="18" count="0" type="stmt"/>
        <line num="21" count="0" type="stmt"/>
        <line num="26" count="0" type="stmt"/>
        <line num="27" count="0" type="stmt"/>
        <line num="28" count="0" type="stmt"/>
        <line num="31" count="0" type="stmt"/>
      </file>
    </package>
    <package name="src.components">
      <metrics statements="3" coveredstatements="2" conditionals="0" coveredconditionals="0" methods="2" coveredmethods="1"/>
      <file name="AppLogin.vue" path="/Users/kairosds/Documents/github-actions/login-ci/src/components/AppLogin.vue">
        <metrics statements="3" coveredstatements="2" conditionals="0" coveredconditionals="0" methods="2" coveredmethods="1"/>
        <line num="14" count="1" type="stmt"/>
        <line num="18" count="1" type="stmt"/>
        <line num="25" count="0" type="stmt"/>
      </file>
    </package>
  </project>
</coverage>
