{"/Users/kairosds/Documents/github-actions/login-ci/src/service.js": {"path":"/Users/kairosds/Documents/github-actions/login-ci/src/service.js","statementMap":{"0":{"start":{"line":6,"column":21},"end":{"line":6,"column":109}},"1":{"start":{"line":6,"column":52},"end":{"line":6,"column":108}},"2":{"start":{"line":7,"column":2},"end":{"line":11,"column":3}},"3":{"start":{"line":8,"column":4},"end":{"line":8,"column":23}},"4":{"start":{"line":10,"column":4},"end":{"line":10,"column":25}},"5":{"start":{"line":15,"column":2},"end":{"line":23,"column":4}},"6":{"start":{"line":16,"column":4},"end":{"line":16,"column":22}},"7":{"start":{"line":17,"column":4},"end":{"line":17,"column":42}},"8":{"start":{"line":17,"column":21},"end":{"line":17,"column":35}},"9":{"start":{"line":19,"column":4},"end":{"line":21,"column":5}},"10":{"start":{"line":20,"column":6},"end":{"line":20,"column":43}},"11":{"start":{"line":22,"column":4},"end":{"line":22,"column":17}},"12":{"start":{"line":27,"column":2},"end":{"line":33,"column":4}},"13":{"start":{"line":28,"column":4},"end":{"line":30,"column":12}},"14":{"start":{"line":29,"column":6},"end":{"line":29,"column":39}},"15":{"start":{"line":32,"column":4},"end":{"line":32,"column":22}},"16":{"start":{"line":37,"column":2},"end":{"line":37,"column":34}}},"fnMap":{"0":{"name":"verifyUserRegistered","decl":{"start":{"line":5,"column":16},"end":{"line":5,"column":36}},"loc":{"start":{"line":5,"column":58},"end":{"line":12,"column":1}},"line":5},"1":{"name":"(anonymous_1)","decl":{"start":{"line":6,"column":44},"end":{"line":6,"column":45}},"loc":{"start":{"line":6,"column":52},"end":{"line":6,"column":108}},"line":6},"2":{"name":"loginSuccess","decl":{"start":{"line":14,"column":16},"end":{"line":14,"column":28}},"loc":{"start":{"line":14,"column":32},"end":{"line":24,"column":1}},"line":14},"3":{"name":"(anonymous_3)","decl":{"start":{"line":15,"column":21},"end":{"line":15,"column":22}},"loc":{"start":{"line":15,"column":34},"end":{"line":18,"column":3}},"line":15},"4":{"name":"(anonymous_4)","decl":{"start":{"line":17,"column":15},"end":{"line":17,"column":16}},"loc":{"start":{"line":17,"column":21},"end":{"line":17,"column":35}},"line":17},"5":{"name":"(anonymous_5)","decl":{"start":{"line":18,"column":10},"end":{"line":18,"column":11}},"loc":{"start":{"line":18,"column":20},"end":{"line":23,"column":3}},"line":18},"6":{"name":"loginError","decl":{"start":{"line":26,"column":16},"end":{"line":26,"column":26}},"loc":{"start":{"line":26,"column":30},"end":{"line":34,"column":1}},"line":26},"7":{"name":"(anonymous_7)","decl":{"start":{"line":27,"column":21},"end":{"line":27,"column":22}},"loc":{"start":{"line":27,"column":42},"end":{"line":31,"column":3}},"line":27},"8":{"name":"(anonymous_8)","decl":{"start":{"line":28,"column":15},"end":{"line":28,"column":16}},"loc":{"start":{"line":28,"column":27},"end":{"line":30,"column":5}},"line":28},"9":{"name":"(anonymous_9)","decl":{"start":{"line":31,"column":11},"end":{"line":31,"column":12}},"loc":{"start":{"line":31,"column":26},"end":{"line":33,"column":3}},"line":31},"10":{"name":"logout","decl":{"start":{"line":36,"column":16},"end":{"line":36,"column":22}},"loc":{"start":{"line":36,"column":26},"end":{"line":38,"column":1}},"line":36}},"branchMap":{"0":{"loc":{"start":{"line":6,"column":52},"end":{"line":6,"column":108}},"type":"binary-expr","locations":[{"start":{"line":6,"column":52},"end":{"line":6,"column":78}},{"start":{"line":6,"column":82},"end":{"line":6,"column":108}}],"line":6},"1":{"loc":{"start":{"line":7,"column":2},"end":{"line":11,"column":3}},"type":"if","locations":[{"start":{"line":7,"column":2},"end":{"line":11,"column":3}},{"start":{"line":7,"column":2},"end":{"line":11,"column":3}}],"line":7},"2":{"loc":{"start":{"line":19,"column":4},"end":{"line":21,"column":5}},"type":"if","locations":[{"start":{"line":19,"column":4},"end":{"line":21,"column":5}},{"start":{"line":19,"column":4},"end":{"line":21,"column":5}}],"line":19}},"s":{"0":3,"1":12,"2":3,"3":2,"4":1,"5":1,"6":1,"7":1,"8":1,"9":1,"10":1,"11":1,"12":2,"13":2,"14":1,"15":1,"16":0},"f":{"0":3,"1":12,"2":1,"3":1,"4":1,"5":1,"6":2,"7":2,"8":1,"9":1,"10":0},"b":{"0":[12,1],"1":[2,1],"2":[1,0]},"_coverageSchema":"43e27e138ebf9cfc5966b082cf9a028302ed4184","hash":"828c0d34251bd55c1a1abee09db101cffd931a37"}
,"/Users/kairosds/Documents/github-actions/login-ci/src/token.js": {"path":"/Users/kairosds/Documents/github-actions/login-ci/src/token.js","statementMap":{"0":{"start":{"line":1,"column":21},"end":{"line":1,"column":50}}},"fnMap":{},"branchMap":{},"s":{"0":2},"f":{},"b":{},"_coverageSchema":"43e27e138ebf9cfc5966b082cf9a028302ed4184","hash":"f2de4463428cc47868e5abfa651456a8905760d6"}
,"/Users/kairosds/Documents/github-actions/login-ci/src/components/AppLogin.vue": {"path":"/Users/kairosds/Documents/github-actions/login-ci/src/components/AppLogin.vue","statementMap":{"0":{"start":{"line":14,"column":0},"end":{"line":14,"column":null}},"1":{"start":{"line":18,"column":0},"end":{"line":18,"column":null}},"2":{"start":{"line":25,"column":0},"end":{"line":25,"column":null}}},"fnMap":{"0":{"name":"(anonymous_1)","decl":{"start":{"line":17,"column":0},"end":{"line":17,"column":null}},"loc":{"start":{"line":17,"column":0},"end":{"line":22,"column":null}}},"1":{"name":"(anonymous_2)","decl":{"start":{"line":24,"column":0},"end":{"line":24,"column":null}},"loc":{"start":{"line":24,"column":0},"end":{"line":26,"column":null}}}},"branchMap":{},"s":{"0":1,"1":1,"2":1},"f":{"0":1,"1":1},"b":{}}
}
