TN:
SF:/Users/kairosds/Documents/github-actions/login-ci/src/service.js
FN:6,verifyUserRegistered
FN:7,(anonymous_1)
FN:15,loginError
FN:16,(anonymous_3)
FN:17,(anonymous_4)
FN:20,(anonymous_5)
FN:25,loginSuccess
FN:26,(anonymous_7)
FN:27,(anonymous_8)
FN:30,(anonymous_9)
FNF:10
FNH:4
FNDA:1,verifyUserRegistered
FNDA:4,(anonymous_1)
FNDA:1,loginError
FNDA:1,(anonymous_3)
FNDA:0,(anonymous_4)
FNDA:0,(anonymous_5)
FNDA:0,loginSuccess
FNDA:0,(anonymous_7)
FNDA:0,(anonymous_8)
FNDA:0,(anonymous_9)
DA:4,2
DA:7,4
DA:8,1
DA:9,1
DA:11,0
DA:16,1
DA:17,1
DA:18,0
DA:21,0
DA:26,0
DA:27,0
DA:28,0
DA:31,0
LF:13
LH:6
BRDA:7,0,0,4
BRDA:7,0,1,0
BRDA:8,1,0,1
BRDA:8,1,1,0
BRF:4
BRH:2
end_of_record
TN:
SF:/Users/kairosds/Documents/github-actions/login-ci/src/components/AppLogin.vue
FN:17,(anonymous_1)
FN:24,(anonymous_2)
FNF:2
FNH:1
FNDA:1,(anonymous_1)
FNDA:0,(anonymous_2)
DA:14,1
DA:18,1
DA:25,0
LF:3
LH:2
BRF:0
BRH:0
end_of_record
