TN:
SF:/Users/kairosds/Documents/github-actions/login-ci/src/service.js
FN:5,verifyUserRegistered
FN:6,(anonymous_1)
FN:14,loginSuccess
FN:15,(anonymous_3)
FN:17,(anonymous_4)
FN:18,(anonymous_5)
FN:26,loginError
FN:27,(anonymous_7)
FN:28,(anonymous_8)
FN:31,(anonymous_9)
FNF:10
FNH:10
FNDA:3,verifyUserRegistered
FNDA:12,(anonymous_1)
FNDA:1,loginSuccess
FNDA:1,(anonymous_3)
FNDA:1,(anonymous_4)
FNDA:1,(anonymous_5)
FNDA:2,loginError
FNDA:2,(anonymous_7)
FNDA:1,(anonymous_8)
FNDA:1,(anonymous_9)
DA:6,12
DA:7,3
DA:8,2
DA:10,1
DA:15,1
DA:16,1
DA:17,1
DA:19,1
DA:20,1
DA:22,1
DA:27,2
DA:28,2
DA:29,1
DA:32,1
LF:14
LH:14
BRDA:6,0,0,12
BRDA:6,0,1,1
BRDA:7,1,0,2
BRDA:7,1,1,1
BRDA:19,2,0,1
BRDA:19,2,1,0
BRF:6
BRH:5
end_of_record
TN:
SF:/Users/kairosds/Documents/github-actions/login-ci/src/token.js
FNF:0
FNH:0
DA:1,2
LF:1
LH:1
BRF:0
BRH:0
end_of_record
TN:
SF:/Users/kairosds/Documents/github-actions/login-ci/src/components/AppLogin.vue
FN:17,(anonymous_1)
FN:24,(anonymous_2)
FNF:2
FNH:2
FNDA:1,(anonymous_1)
FNDA:1,(anonymous_2)
DA:14,1
DA:18,1
DA:25,1
LF:3
LH:3
BRF:0
BRH:0
end_of_record
